V 0.1
12209.155538229681    Present time from first ignition
201    Total burned cells
i,   j,    CrdX[m],       CrdY[m], RateofSpread[m/s], ResidenceTime[s], FireDepth[m], FireLineInt[kW/m], FlameLength[m], Time[s], Phi[]
25  25  6.394511E+00  -6.263243E-04  1.413187E+00  1.012324E+02  1.147293E+00  0.000000E+00
26  24  6.394511E+00  -6.263243E-04  1.413187E+00  1.012324E+02  1.147293E+00  1.637453E+02
25  24  6.394511E+00  -1.643526E-02  1.413187E+00  1.012324E+02  1.147293E+00  3.491637E+02
26  25  6.394511E+00  -3.665324E-02  1.413187E+00  1.012324E+02  1.147293E+00  3.770925E+02
26  23  6.394511E+00  -6.263243E-04  1.413187E+00  1.012324E+02  1.147293E+00  4.760916E+02
27  24  6.394511E+00  -6.263243E-04  1.413187E+00  1.012324E+02  1.147293E+00  5.872105E+02
27  23  6.394511E+00  -6.263243E-04  1.413187E+00  1.012324E+02  1.147293E+00  6.364374E+02
25  23  6.394511E+00  -3.524980E-04  1.413187E+00  1.012324E+02  1.147293E+00  6.971419E+02
27  25  6.394511E+00  -1.548958E-02  1.413187E+00  1.012324E+02  1.147293E+00  7.538659E+02
27  22  6.394511E+00  -6.263243E-04  1.413187E+00  1.012324E+02  1.147293E+00  8.400915E+02
26  22  6.394511E+00  -5.035378E-03  1.413187E+00  1.012324E+02  1.147293E+00  9.200488E+02
28  23  6.394511E+00  -6.263243E-04  1.413187E+00  1.012324E+02  1.147293E+00  9.364816E+02
24  24  6.394511E+00  -2.552719E-02  1.413187E+00  1.012324E+02  1.147293E+00  9.564374E+02
28  24  6.394511E+00  -1.173604E-02  1.413187E+00  1.012324E+02  1.147293E+00  9.840044E+02
28  22  6.394511E+00  -6.263243E-04  1.413187E+00  1.012324E+02  1.147293E+00  1.002330E+03
24  25  6.394511E+00  -1.441748E-02  1.413187E+00  1.012324E+02  1.147293E+00  1.020185E+03
26  26  6.394511E+00  -1.000843E-02  1.413187E+00  1.012324E+02  1.147293E+00  1.032073E+03
25  26  6.394511E+00  -3.251802E-02  1.413187E+00  1.012324E+02  1.147293E+00  1.047824E+03
25  22  6.394511E+00  -1.643526E-02  1.413187E+00  1.012324E+02  1.147293E+00  1.070155E+03
27  21  6.394511E+00  -6.263243E-04  1.413187E+00  1.012324E+02  1.147293E+00  1.109243E+03
28  25  6.394511E+00  -1.989863E-02  1.413187E+00  1.012324E+02  1.147293E+00  1.159762E+03
29  23  6.394511E+00  -6.263243E-04  1.413187E+00  1.012324E+02  1.147293E+00  1.189305E+03
24  23  6.394511E+00  -1.536316E-02  1.413187E+00  1.012324E+02  1.147293E+00  1.206344E+03
28  21  6.394511E+00  -6.263243E-04  1.413187E+00  1.012324E+02  1.147293E+00  1.224107E+03
29  22  6.394511E+00  -6.263243E-04  1.413187E+00  1.012324E+02  1.147293E+00  1.259417E+03
26  21  6.394511E+00  -1.643526E-02  1.413187E+00  1.012324E+02  1.147293E+00  1.283756E+03
27  26  6.394511E+00  -1.230003E-02  1.413187E+00  1.012324E+02  1.147293E+00  1.296928E+03
29  21  6.394511E+00  -6.263243E-04  1.413187E+00  1.012324E+02  1.147293E+00  1.320376E+03
29  24  6.394511E+00  -3.665324E-02  1.413187E+00  1.012324E+02  1.147293E+00  1.366070E+03
25  21  6.394511E+00  -1.643526E-02  1.413187E+00  1.012324E+02  1.147293E+00  1.410323E+03
28  20  6.394511E+00  -6.263243E-04  1.413187E+00  1.012324E+02  1.147293E+00  1.458175E+03
27  20  6.394511E+00  -1.643526E-02  1.413187E+00  1.012324E+02  1.147293E+00  1.489161E+03
30  22  6.394511E+00  -6.263243E-04  1.413187E+00  1.012324E+02  1.147293E+00  1.519967E+03
29  25  6.394511E+00  -1.079036E-02  1.413187E+00  1.012324E+02  1.147293E+00  1.553353E+03
24  22  6.394511E+00  -9.718259E-03  1.413187E+00  1.012324E+02  1.147293E+00  1.566675E+03
29  20  6.394511E+00  -6.263243E-04  1.413187E+00  1.012324E+02  1.147293E+00  1.573185E+03
30  23  6.394511E+00  -9.070932E-03  1.413187E+00  1.012324E+02  1.147293E+00  1.587729E+03
30  21  6.394511E+00  -6.263243E-04  1.413187E+00  1.012324E+02  1.147293E+00  1.602276E+03
26  20  6.394511E+00  -1.643526E-02  1.413187E+00  1.012324E+02  1.147293E+00  1.628678E+03
24  26  6.394511E+00  -5.873197E-03  1.413187E+00  1.012324E+02  1.147293E+00  1.661344E+03
30  20  6.394511E+00  -6.263243E-04  1.413187E+00  1.012324E+02  1.147293E+00  1.674758E+03
28  26  6.394511E+00  -1.576340E-02  1.413187E+00  1.012324E+02  1.147293E+00  1.686618E+03
28  19  6.394511E+00  -6.263243E-04  1.413187E+00  1.012324E+02  1.147293E+00  1.698702E+03
30  24  6.394511E+00  -2.370275E-03  1.413187E+00  1.012324E+02  1.147293E+00  1.742898E+03
25  20  6.394511E+00  -1.798096E-03  1.413187E+00  1.012324E+02  1.147293E+00  1.786318E+03
31  22  6.394511E+00  -6.263243E-04  1.413187E+00  1.012324E+02  1.147293E+00  1.803278E+03
29  19  6.394511E+00  -6.263243E-04  1.413187E+00  1.012324E+02  1.147293E+00  1.808191E+03
27  19  6.394511E+00  -9.444433E-03  1.413187E+00  1.012324E+02  1.147293E+00  1.832920E+03
23  24  6.394511E+00  -3.291428E-03  1.413187E+00  1.012324E+02  1.147293E+00  1.866557E+03
31  21  6.394511E+00  -6.263243E-04  1.413187E+00  1.012324E+02  1.147293E+00  1.873071E+03
30  19  6.394511E+00  -6.263243E-04  1.413187E+00  1.012324E+02  1.147293E+00  1.891168E+03
24  21  6.394511E+00  -1.347180E-02  1.413187E+00  1.012324E+02  1.147293E+00  1.920287E+03
23  23  6.394511E+00  -2.635915E-03  1.413187E+00  1.012324E+02  1.147293E+00  1.933669E+03
31  20  6.394511E+00  -6.263243E-04  1.413187E+00  1.012324E+02  1.147293E+00  1.944061E+03
30  25  6.394511E+00  -2.605164E-02  1.413187E+00  1.012324E+02  1.147293E+00  1.950703E+03
26  27  6.394511E+00  -2.084431E-02  1.413187E+00  1.012324E+02  1.147293E+00  1.959178E+03
31  23  6.394511E+00  -6.779329E-03  1.413187E+00  1.012324E+02  1.147293E+00  1.972620E+03
26  19  6.394511E+00  -4.745212E-03  1.413187E+00  1.012324E+02  1.147293E+00  1.994583E+03
31  19  6.394511E+00  -6.263243E-04  1.413187E+00  1.012324E+02  1.147293E+00  2.013638E+03
29  18  6.394511E+00  -6.263243E-04  1.413187E+00  1.012324E+02  1.147293E+00  2.028317E+03
23  25  6.394511E+00  -1.145402E-02  1.413187E+00  1.012324E+02  1.147293E+00  2.048895E+03
27  27  6.394511E+00  -2.635915E-03  1.413187E+00  1.012324E+02  1.147293E+00  2.058074E+03
28  18  6.394511E+00  -2.370275E-03  1.413187E+00  1.012324E+02  1.147293E+00  2.066574E+03
29  26  6.394511E+00  -1.135435E-02  1.413187E+00  1.012324E+02  1.147293E+00  2.074624E+03
25  27  6.394511E+00  -1.441748E-02  1.413187E+00  1.012324E+02  1.147293E+00  2.096326E+03
32  21  6.394511E+00  -6.263243E-04  1.413187E+00  1.012324E+02  1.147293E+00  2.122982E+03
30  18  6.394511E+00  -6.263243E-04  1.413187E+00  1.012324E+02  1.147293E+00  2.141804E+03
25  19  6.394511E+00  -1.643526E-02  1.413187E+00  1.012324E+02  1.147293E+00  2.152790E+03
31  24  6.394511E+00  -1.431781E-02  1.413187E+00  1.012324E+02  1.147293E+00  2.161606E+03
23  22  6.394511E+00  -6.818877E-03  1.413187E+00  1.012324E+02  1.147293E+00  2.168270E+03
32  22  6.394511E+00  -1.173604E-02  1.413187E+00  1.012324E+02  1.147293E+00  2.182393E+03
32  20  6.394511E+00  -6.263243E-04  1.413187E+00  1.012324E+02  1.147293E+00  2.199013E+03
27  18  6.394511E+00  -6.505503E-03  1.413187E+00  1.012324E+02  1.147293E+00  2.212766E+03
31  18  6.394511E+00  -6.263243E-04  1.413187E+00  1.012324E+02  1.147293E+00  2.230457E+03
29  17  6.394511E+00  -6.263243E-04  1.413187E+00  1.012324E+02  1.147293E+00  2.259578E+03
32  19  6.394511E+00  -6.263243E-04  1.413187E+00  1.012324E+02  1.147293E+00  2.279017E+03
24  20  6.394511E+00  -1.347180E-02  1.413187E+00  1.012324E+02  1.147293E+00  2.281030E+03
28  27  6.394511E+00  -1.669274E-02  1.413187E+00  1.012324E+02  1.147293E+00  2.306302E+03
31  25  6.394511E+00  -6.091136E-03  1.413187E+00  1.012324E+02  1.147293E+00  2.334164E+03
32  18  6.394511E+00  -6.263243E-04  1.413187E+00  1.012324E+02  1.147293E+00  2.345145E+03
26  18  6.394511E+00  -8.498754E-03  1.413187E+00  1.012324E+02  1.147293E+00  2.356794E+03
32  23  6.394511E+00  -6.381302E-03  1.413187E+00  1.012324E+02  1.147293E+00  2.369288E+03
30  17  6.394511E+00  -6.263243E-04  1.413187E+00  1.012324E+02  1.147293E+00  2.374021E+03
33  21  6.394511E+00  -6.263243E-04  1.413187E+00  1.012324E+02  1.147293E+00  2.388248E+03
23  21  6.394511E+00  -1.334538E-02  1.413187E+00  1.012324E+02  1.147293E+00  2.402436E+03
28  17  6.394511E+00  -2.370275E-03  1.413187E+00  1.012324E+02  1.147293E+00  2.413301E+03
30  26  6.394511E+00  -4.363526E-03  1.413187E+00  1.012324E+02  1.147293E+00  2.446592E+03
33  20  6.394511E+00  -6.263243E-04  1.413187E+00  1.012324E+02  1.147293E+00  2.467112E+03
31  17  6.394511E+00  -6.263243E-04  1.413187E+00  1.012324E+02  1.147293E+00  2.473947E+03
25  18  6.394511E+00  -2.469949E-03  1.413187E+00  1.012324E+02  1.147293E+00  2.493613E+03
33  19  6.394511E+00  -6.263243E-04  1.413187E+00  1.012324E+02  1.147293E+00  2.525692E+03
32  24  6.394511E+00  -3.442373E-03  1.413187E+00  1.012324E+02  1.147293E+00  2.544992E+03
23  26  6.394511E+00  -7.326982E-03  1.413187E+00  1.012324E+02  1.147293E+00  2.554968E+03
27  17  6.394511E+00  -4.745212E-03  1.413187E+00  1.012324E+02  1.147293E+00  2.565397E+03
33  22  6.394511E+00  -2.627761E-03  1.413187E+00  1.012324E+02  1.147293E+00  2.576424E+03
32  17  6.394511E+00  -6.263243E-04  1.413187E+00  1.012324E+02  1.147293E+00  2.579235E+03
29  27  6.394511E+00  -8.164801E-03  1.413187E+00  1.012324E+02  1.147293E+00  2.584503E+03
24  27  6.394511E+00  -6.147024E-03  1.413187E+00  1.012324E+02  1.147293E+00  2.588993E+03
30  16  6.394511E+00  -6.263243E-04  1.413187E+00  1.012324E+02  1.147293E+00  2.597035E+03
33  18  6.394511E+00  -6.263243E-04  1.413187E+00  1.012324E+02  1.147293E+00  2.610751E+03
29  16  6.394511E+00  -5.433405E-03  1.413187E+00  1.012324E+02  1.147293E+00  2.618881E+03
24  19  6.394511E+00  -2.469949E-03  1.413187E+00  1.012324E+02  1.147293E+00  2.635705E+03
33  17  6.394511E+00  -6.263243E-04  1.413187E+00  1.012324E+02  1.147293E+00  2.653647E+03
31  16  6.394511E+00  -6.263243E-04  1.413187E+00  1.012324E+02  1.147293E+00  2.691405E+03
26  17  6.394511E+00  -6.207150E-03  1.413187E+00  1.012324E+02  1.147293E+00  2.715048E+03
32  25  6.394511E+00  -3.144020E-03  1.413187E+00  1.012324E+02  1.147293E+00  2.724999E+03
34  20  6.394511E+00  -6.263243E-04  1.413187E+00  1.012324E+02  1.147293E+00  2.728818E+03
33  23  6.394511E+00  -1.738094E-02  1.413187E+00  1.012324E+02  1.147293E+00  2.742574E+03
23  20  6.394511E+00  -1.429106E-02  1.413187E+00  1.012324E+02  1.147293E+00  2.757890E+03
28  16  6.394511E+00  -2.260794E-04  1.413187E+00  1.012324E+02  1.147293E+00  2.767590E+03
34  21  6.394511E+00  -2.528239E-04  1.413187E+00  1.012324E+02  1.147293E+00  2.782915E+03
34  19  6.394511E+00  -6.263243E-04  1.413187E+00  1.012324E+02  1.147293E+00  2.791165E+03
32  16  6.394511E+00  -6.263243E-04  1.413187E+00  1.012324E+02  1.147293E+00  2.804594E+03
22  23  6.394511E+00  -5.972872E-03  1.413187E+00  1.012324E+02  1.147293E+00  2.820084E+03
30  15  6.394511E+00  -6.263243E-04  1.413187E+00  1.012324E+02  1.147293E+00  2.833526E+03
31  26  6.394511E+00  -1.040867E-02  1.413187E+00  1.012324E+02  1.147293E+00  2.844999E+03
25  17  6.394511E+00  -1.507930E-03  1.413187E+00  1.012324E+02  1.147293E+00  2.856646E+03
34  18  6.394511E+00  -6.263243E-04  1.413187E+00  1.012324E+02  1.147293E+00  2.870600E+03
22  24  6.394511E+00  -7.092703E-03  1.413187E+00  1.012324E+02  1.147293E+00  2.877452E+03
22  22  6.394511E+00  -2.235670E-03  1.413187E+00  1.012324E+02  1.147293E+00  2.891322E+03
33  16  6.394511E+00  -6.263243E-04  1.413187E+00  1.012324E+02  1.147293E+00  2.904165E+03
27  16  6.394511E+00  -8.498754E-03  1.413187E+00  1.012324E+02  1.147293E+00  2.917235E+03
33  24  6.394511E+00  -5.435623E-03  1.413187E+00  1.012324E+02  1.147293E+00  2.931002E+03
31  15  6.394511E+00  -6.263243E-04  1.413187E+00  1.012324E+02  1.147293E+00  2.935614E+03
34  17  6.394511E+00  -6.263243E-04  1.413187E+00  1.012324E+02  1.147293E+00  2.940861E+03
34  22  6.394511E+00  -1.522394E-02  1.413187E+00  1.012324E+02  1.147293E+00  2.950566E+03
30  27  6.394511E+00  -9.070932E-03  1.413187E+00  1.012324E+02  1.147293E+00  2.966876E+03
27  28  6.394511E+00  -2.644101E-03  1.413187E+00  1.012324E+02  1.147293E+00  2.976417E+03
29  15  6.394511E+00  -2.260794E-04  1.413187E+00  1.012324E+02  1.147293E+00  2.982801E+03
35  20  6.394511E+00  -6.263243E-04  1.413187E+00  1.012324E+02  1.147293E+00  2.988739E+03
24  18  6.394511E+00  -1.330583E-02  1.413187E+00  1.012324E+02  1.147293E+00  2.991067E+03
26  28  6.394511E+00  -5.035378E-03  1.413187E+00  1.012324E+02  1.147293E+00  2.998649E+03
34  16  6.394511E+00  -9.501208E-05  1.413187E+00  1.012324E+02  1.147293E+00  3.006567E+03
32  15  6.394511E+00  -6.263243E-04  1.413187E+00  1.012324E+02  1.147293E+00  3.020555E+03
35  19  6.394511E+00  -6.263243E-04  1.413187E+00  1.012324E+02  1.147293E+00  3.048235E+03
22  25  6.394511E+00  -3.279717E-04  1.413187E+00  1.012324E+02  1.147293E+00  3.060708E+03
26  16  6.394511E+00  -1.643526E-02  1.413187E+00  1.012324E+02  1.147293E+00  3.065833E+03
28  28  6.394511E+00  -1.313785E-02  1.413187E+00  1.012324E+02  1.147293E+00  3.078345E+03
33  25  6.394511E+00  -1.425373E-02  1.413187E+00  1.012324E+02  1.147293E+00  3.095219E+03
23  19  6.394511E+00  -1.210954E-02  1.413187E+00  1.012324E+02  1.147293E+00  3.111357E+03
22  21  6.394511E+00  -1.273651E-03  1.413187E+00  1.012324E+02  1.147293E+00  3.120102E+03
35  18  6.394511E+00  -6.263243E-04  1.413187E+00  1.012324E+02  1.147293E+00  3.129695E+03
28  15  6.394511E+00  -2.370275E-03  1.413187E+00  1.012324E+02  1.147293E+00  3.131499E+03
34  23  6.394511E+00  -1.682082E-03  1.413187E+00  1.012324E+02  1.147293E+00  3.136203E+03
33  15  6.394511E+00  -6.263243E-04  1.413187E+00  1.012324E+02  1.147293E+00  3.139142E+03
25  28  6.394511E+00  -5.201344E-03  1.413187E+00  1.012324E+02  1.147293E+00  3.146026E+03
35  21  6.394511E+00  -1.972248E-03  1.413187E+00  1.012324E+02  1.147293E+00  3.157695E+03
31  14  6.394511E+00  -6.263243E-04  1.413187E+00  1.012324E+02  1.147293E+00  3.167735E+03
30  14  6.394511E+00  -2.260794E-04  1.413187E+00  1.012324E+02  1.147293E+00  3.176020E+03
35  17  6.394511E+00  -6.263243E-04  1.413187E+00  1.012324E+02  1.147293E+00  3.195137E+03
25  16  6.394511E+00  -9.695052E-03  1.413187E+00  1.012324E+02  1.147293E+00  3.207336E+03
32  26  6.394511E+00  -3.442373E-03  1.413187E+00  1.012324E+02  1.147293E+00  3.226786E+03
34  15  6.394511E+00  -6.263243E-04  1.413187E+00  1.012324E+02  1.147293E+00  3.233942E+03
32  14  6.394511E+00  -6.263243E-04  1.413187E+00  1.012324E+02  1.147293E+00  3.248266E+03
35  16  6.394511E+00  -9.501208E-05  1.413187E+00  1.012324E+02  1.147293E+00  3.268956E+03
27  15  6.394511E+00  -3.415628E-03  1.413187E+00  1.012324E+02  1.147293E+00  3.272979E+03
23  27  6.394511E+00  -5.301019E-03  1.413187E+00  1.012324E+02  1.147293E+00  3.296933E+03
34  24  6.394511E+00  -3.144020E-03  1.413187E+00  1.012324E+02  1.147293E+00  3.313035E+03
36  19  6.394511E+00  -6.263243E-04  1.413187E+00  1.012324E+02  1.147293E+00  3.316138E+03
29  28  6.394511E+00  -1.157636E-03  1.413187E+00  1.012324E+02  1.147293E+00  3.329411E+03
29  14  6.394511E+00  -9.916705E-04  1.413187E+00  1.012324E+02  1.147293E+00  3.338429E+03
35  15  6.394511E+00  -6.263243E-04  1.413187E+00  1.012324E+02  1.147293E+00  3.338771E+03
24  17  6.394511E+00  -1.347180E-02  1.413187E+00  1.012324E+02  1.147293E+00  3.340485E+03
35  22  6.394511E+00  -1.337213E-02  1.413187E+00  1.012324E+02  1.147293E+00  3.343034E+03
31  27  6.394511E+00  -7.219121E-03  1.413187E+00  1.012324E+02  1.147293E+00  3.347936E+03
22  20  6.394511E+00  -3.855420E-03  1.413187E+00  1.012324E+02  1.147293E+00  3.354188E+03
33  14  6.394511E+00  -5.162458E-04  1.413187E+00  1.012324E+02  1.147293E+00  3.360330E+03
36  20  6.394511E+00  -6.405829E-03  1.413187E+00  1.012324E+02  1.147293E+00  3.369390E+03
36  18  6.394511E+00  -6.263243E-04  1.413187E+00  1.012324E+02  1.147293E+00  3.377543E+03
31  13  6.394511E+00  -2.260794E-04  1.413187E+00  1.012324E+02  1.147293E+00  3.390299E+03
26  15  6.394511E+00  1.976581E-02  1.413187E+00  1.012324E+02  1.147293E+00  3.405996E+03
36  17  6.394511E+00  4.086541E-02  1.413187E+00  1.012324E+02  1.147293E+00  3.437061E+03
23  18  6.394511E+00  4.519113E-02  1.413187E+00  1.012324E+02  1.147293E+00  3.459545E+03
34  14  6.394511E+00  4.756606E-02  1.413187E+00  1.012324E+02  1.147293E+00  3.464591E+03
28  14  6.394511E+00  5.925611E-02  1.413187E+00  1.012324E+02  1.147293E+00  3.472128E+03
34  25  6.394511E+00  6.326492E-02  1.413187E+00  1.012324E+02  1.147293E+00  3.487145E+03
32  13  6.394511E+00  6.712854E-02  1.413187E+00  1.012324E+02  1.147293E+00  3.491692E+03
35  23  6.394511E+00  8.253722E-02  1.413187E+00  1.012324E+02  1.147293E+00  3.506165E+03
36  16  6.394511E+00  8.800204E-02  1.413187E+00  1.012324E+02  1.147293E+00  3.521114E+03
30  13  6.394511E+00  9.874640E-02  1.413187E+00  1.012324E+02  1.147293E+00  3.530818E+03
36  21  6.394511E+00  1.018095E-01  1.413187E+00  1.012324E+02  1.147293E+00  3.544144E+03
22  26  6.394511E+00  1.119981E-01  1.413187E+00  1.012324E+02  1.147293E+00  3.554393E+03
35  14  6.394511E+00  1.149207E-01  1.413187E+00  1.012324E+02  1.147293E+00  3.562968E+03
25  15  6.394511E+00  1.187383E-01  1.413187E+00  1.012324E+02  1.147293E+00  3.567749E+03
37  19  6.394511E+00  1.210818E-01  1.413187E+00  1.012324E+02  1.147293E+00  3.572920E+03
22  19  6.394511E+00  1.271352E-01  1.413187E+00  1.012324E+02  1.147293E+00  3.578459E+03
33  13  6.394511E+00  1.344832E-01  1.413187E+00  1.012324E+02  1.147293E+00  3.586882E+03
30  28  6.394511E+00  1.346074E-01  1.413187E+00  1.012324E+02  1.147293E+00  3.594783E+03
36  15  6.394511E+00  1.351387E-01  1.413187E+00  1.012324E+02  1.147293E+00  3.595110E+03
33  26  6.394511E+00  1.452090E-01  1.413187E+00  1.012324E+02  1.147293E+00  3.603185E+03
24  28  6.394511E+00  1.524341E-01  1.413187E+00  1.012324E+02  1.147293E+00  3.616211E+03
27  14  6.394511E+00  1.582286E-01  1.413187E+00  1.012324E+02  1.147293E+00  3.623497E+03
37  18  6.394511E+00  1.682185E-01  1.413187E+00  1.012324E+02  1.147293E+00  3.634868E+03
36  14  6.394511E+00  1.822753E-01  1.413187E+00  1.012324E+02  1.147293E+00  3.650195E+03
29  13  6.394511E+00  1.977189E-01  1.413187E+00  1.012324E+02  1.147293E+00  3.670936E+03
24  16  6.394511E+00  2.006823E-01  1.413187E+00  1.012324E+02  1.147293E+00  3.688739E+03
35  24  6.394511E+00  2.017277E-01  1.413187E+00  1.012324E+02  1.147293E+00  3.692361E+03
34  13  6.394511E+00  2.018378E-01  1.413187E+00  1.012324E+02  1.147293E+00  3.693210E+03
21  23  6.394511E+00  2.100249E-01  1.413187E+00  1.012324E+02  1.147293E+00  3.698791E+03
37  17  6.394511E+00  2.153551E-01  1.413187E+00  1.012324E+02  1.147293E+00  3.708033E+03
36  22  6.394511E+00  2.210000E-01  1.413187E+00  1.012324E+02  1.147293E+00  3.716717E+03
