V 0.1
148.6    Present time from first ignition in seconds
201    Total burned cells
i,   j,    CrdX[m],       CrdY[m], RateofSpread[m/s], ResidenceTime[s], FireDepth[m], FireLineInt[kW/m], FlameLength[m], Time[s], Phi[]
25  25  -3081.382433495  43528.680883591  3.248412E-02  1.326000E+01  4.307394E-01  3.504128E+02  1.147293E+00  0
26  24  -3080.382433495  43527.680883591  3.248412E-02  1.326000E+01  4.307394E-01  3.504128E+02  1.147293E+00  13.3
25  24  -3081.382433495  43527.680883591  3.248412E-02  1.326000E+01  4.307394E-01  3.504128E+02  1.147293E+00  14.25
26  25  -3080.382433495  43528.680883591  3.248412E-02  1.326000E+01  4.307394E-01  3.504128E+02  1.147293E+00  15.46
26  23  -3080.382433495  43526.680883591  3.248412E-02  1.326000E+01  4.307394E-01  3.504128E+02  1.147293E+00  22.55
27  24  -3079.382433495  43527.680883591  3.248412E-02  1.326000E+01  4.307394E-01  3.504128E+02  1.147293E+00  23.77
27  23  -3079.382433495  43526.680883591  3.248412E-02  1.326000E+01  4.307394E-01  3.504128E+02  1.147293E+00  26.6
25  23  -3081.382433495  43526.680883591  3.248412E-02  1.326000E+01  4.307394E-01  3.504128E+02  1.147293E+00  28.49
27  25  -3079.382433495  43528.680883591  3.248412E-02  1.326000E+01  4.307394E-01  3.504128E+02  1.147293E+00  30.92
27  22  -3079.382433495  43525.680883591  3.248412E-02  1.326000E+01  4.307394E-01  3.504128E+02  1.147293E+00  35.85
26  22  -3080.382433495  43525.680883591  3.248412E-02  1.326000E+01  4.307394E-01  3.504128E+02  1.147293E+00  36.8
28  23  -3078.382433495  43526.680883591  3.248412E-02  1.326000E+01  4.307394E-01  3.504128E+02  1.147293E+00  37.06
24  24  -3082.382433495  43527.680883591  3.248412E-02  1.326000E+01  4.307394E-01  3.504128E+02  1.147293E+00  38.4
28  24  -3078.382433495  43527.680883591  3.248412E-02  1.326000E+01  4.307394E-01  3.504128E+02  1.147293E+00  39.23
28  22  -3078.382433495  43525.680883591  3.248412E-02  1.326000E+01  4.307394E-01  3.504128E+02  1.147293E+00  39.89
24  25  -3082.382433495  43528.680883591  3.248412E-02  1.326000E+01  4.307394E-01  3.504128E+02  1.147293E+00  40.56
26  26  -3080.382433495  43529.680883591  3.248412E-02  1.326000E+01  4.307394E-01  3.504128E+02  1.147293E+00  40.82
25  26  -3081.382433495  43529.680883591  3.248412E-02  1.326000E+01  4.307394E-01  3.504128E+02  1.147293E+00  41.77
25  22  -3081.382433495  43525.680883591  3.248412E-02  1.326000E+01  4.307394E-01  3.504128E+02  1.147293E+00  42.74
27  21  -3079.382433495  43524.680883591  3.248412E-02  1.326000E+01  4.307394E-01  3.504128E+02  1.147293E+00  45.11
28  25  -3078.382433495  43528.680883591  3.248412E-02  1.326000E+01  4.307394E-01  3.504128E+02  1.147293E+00  46.38
29  23  -3077.382433495  43526.680883591  3.248412E-02  1.326000E+01  4.307394E-01  3.504128E+02  1.147293E+00  47.53
24  23  -3082.382433495  43526.680883591  3.248412E-02  1.326000E+01  4.307394E-01  3.504128E+02  1.147293E+00  47.65
28  21  -3078.382433495  43524.680883591  3.248412E-02  1.326000E+01  4.307394E-01  3.504128E+02  1.147293E+00  49.15
29  22  -3077.382433495  43525.680883591  3.248412E-02  1.326000E+01  4.307394E-01  3.504128E+02  1.147293E+00  50.36
26  21  -3080.382433495  43524.680883591  3.248412E-02  1.326000E+01  4.307394E-01  3.504128E+02  1.147293E+00  51.05
27  26  -3079.382433495  43529.680883591  3.248412E-02  1.326000E+01  4.307394E-01  3.504128E+02  1.147293E+00  51.29
29  21  -3077.382433495  43524.680883591  3.248412E-02  1.326000E+01  4.307394E-01  3.504128E+02  1.147293E+00  53.19
29  24  -3077.382433495  43527.680883591  3.248412E-02  1.326000E+01  4.307394E-01  3.504128E+02  1.147293E+00  54.69
25  21  -3081.382433495  43524.680883591  3.248412E-02  1.326000E+01  4.307394E-01  3.504128E+02  1.147293E+00  56.98
28  20  -3078.382433495  43523.680883591  3.248412E-02  1.326000E+01  4.307394E-01  3.504128E+02  1.147293E+00  58.41
27  20  -3079.382433495  43523.680883591  3.248412E-02  1.326000E+01  4.307394E-01  3.504128E+02  1.147293E+00  59.35
30  22  -3076.382433495  43525.680883591  3.248412E-02  1.326000E+01  4.307394E-01  3.504128E+02  1.147293E+00  60.83
29  25  -3077.382433495  43528.680883591  3.248412E-02  1.326000E+01  4.307394E-01  3.504128E+02  1.147293E+00  61.84
24  22  -3082.382433495  43525.680883591  3.248412E-02  1.326000E+01  4.307394E-01  3.504128E+02  1.147293E+00  61.9
29  20  -3077.382433495  43523.680883591  3.248412E-02  1.326000E+01  4.307394E-01  3.504128E+02  1.147293E+00  62.45
30  23  -3076.382433495  43526.680883591  3.248412E-02  1.326000E+01  4.307394E-01  3.504128E+02  1.147293E+00  62.99
30  21  -3076.382433495  43524.680883591  3.248412E-02  1.326000E+01  4.307394E-01  3.504128E+02  1.147293E+00  63.66
26  20  -3080.382433495  43523.680883591  3.248412E-02  1.326000E+01  4.307394E-01  3.504128E+02  1.147293E+00  65.29
24  26  -3082.382433495  43529.680883591  3.248412E-02  1.326000E+01  4.307394E-01  3.504128E+02  1.147293E+00  65.93
30  20  -3076.382433495  43523.680883591  3.248412E-02  1.326000E+01  4.307394E-01  3.504128E+02  1.147293E+00  66.49
28  26  -3078.382433495  43529.680883591  3.248412E-02  1.326000E+01  4.307394E-01  3.504128E+02  1.147293E+00  66.75
28  19  -3078.382433495  43522.680883591  3.248412E-02  1.326000E+01  4.307394E-01  3.504128E+02  1.147293E+00  67.66
30  24  -3076.382433495  43527.680883591  3.248412E-02  1.326000E+01  4.307394E-01  3.504128E+02  1.147293E+00  70.14
25  20  -3081.382433495  43523.680883591  3.248412E-02  1.326000E+01  4.307394E-01  3.504128E+02  1.147293E+00  71.23
31  22  -3075.382433495  43525.680883591  3.248412E-02  1.326000E+01  4.307394E-01  3.504128E+02  1.147293E+00  71.3
29  19  -3077.382433495  43522.680883591  3.248412E-02  1.326000E+01  4.307394E-01  3.504128E+02  1.147293E+00  71.7
27  19  -3079.382433495  43522.680883591  3.248412E-02  1.326000E+01  4.307394E-01  3.504128E+02  1.147293E+00  73.6
23  24  -3083.382433495  43527.680883591  3.248412E-02  1.326000E+01  4.307394E-01  3.504128E+02  1.147293E+00  73.97
31  21  -3075.382433495  43524.680883591  3.248412E-02  1.326000E+01  4.307394E-01  3.504128E+02  1.147293E+00  74.13
30  19  -3076.382433495  43522.680883591  3.248412E-02  1.326000E+01  4.307394E-01  3.504128E+02  1.147293E+00  75.74
24  21  -3082.382433495  43524.680883591  3.248412E-02  1.326000E+01  4.307394E-01  3.504128E+02  1.147293E+00  76.15
23  23  -3083.382433495  43526.680883591  3.248412E-02  1.326000E+01  4.307394E-01  3.504128E+02  1.147293E+00  76.8
31  20  -3075.382433495  43523.680883591  3.248412E-02  1.326000E+01  4.307394E-01  3.504128E+02  1.147293E+00  76.96
30  25  -3076.382433495  43528.680883591  3.248412E-02  1.326000E+01  4.307394E-01  3.504128E+02  1.147293E+00  77.3
26  27  -3080.382433495  43530.680883591  3.248412E-02  1.326000E+01  4.307394E-01  3.504128E+02  1.147293E+00  77.61
31  23  -3075.382433495  43526.680883591  3.248412E-02  1.326000E+01  4.307394E-01  3.504128E+02  1.147293E+00  78.45
26  19  -3080.382433495  43522.680883591  3.248412E-02  1.326000E+01  4.307394E-01  3.504128E+02  1.147293E+00  79.54
31  19  -3075.382433495  43522.680883591  3.248412E-02  1.326000E+01  4.307394E-01  3.504128E+02  1.147293E+00  79.79
29  18  -3077.382433495  43521.680883591  3.248412E-02  1.326000E+01  4.307394E-01  3.504128E+02  1.147293E+00  80.96
23  25  -3083.382433495  43528.680883591  3.248412E-02  1.326000E+01  4.307394E-01  3.504128E+02  1.147293E+00  81.12
27  27  -3079.382433495  43530.680883591  3.248412E-02  1.326000E+01  4.307394E-01  3.504128E+02  1.147293E+00  81.65
28  18  -3078.382433495  43521.680883591  3.248412E-02  1.326000E+01  4.307394E-01  3.504128E+02  1.147293E+00  81.91
29  26  -3077.382433495  43529.680883591  3.248412E-02  1.326000E+01  4.307394E-01  3.504128E+02  1.147293E+00  82.21
25  27  -3081.382433495  43530.680883591  3.248412E-02  1.326000E+01  4.307394E-01  3.504128E+02  1.147293E+00  83.55
32  21  -3074.382433495  43524.680883591  3.248412E-02  1.326000E+01  4.307394E-01  3.504128E+02  1.147293E+00  84.6
30  18  -3076.382433495  43521.680883591  3.248412E-02  1.326000E+01  4.307394E-01  3.504128E+02  1.147293E+00  85.0
25  19  -3081.382433495  43522.680883591  3.248412E-02  1.326000E+01  4.307394E-01  3.504128E+02  1.147293E+00  85.48
31  24  -3075.382433495  43527.680883591  3.248412E-02  1.326000E+01  4.307394E-01  3.504128E+02  1.147293E+00  85.6
23  22  -3083.382433495  43525.680883591  3.248412E-02  1.326000E+01  4.307394E-01  3.504128E+02  1.147293E+00  86.05
32  22  -3074.382433495  43525.680883591  3.248412E-02  1.326000E+01  4.307394E-01  3.504128E+02  1.147293E+00  86.76
32  20  -3074.382433495  43523.680883591  3.248412E-02  1.326000E+01  4.307394E-01  3.504128E+02  1.147293E+00  87.43
27  18  -3079.382433495  43521.680883591  3.248412E-02  1.326000E+01  4.307394E-01  3.504128E+02  1.147293E+00  87.85
31  18  -3075.382433495  43521.680883591  3.248412E-02  1.326000E+01  4.307394E-01  3.504128E+02  1.147293E+00  89.04
29  17  -3077.382433495  43520.680883591  3.248412E-02  1.326000E+01  4.307394E-01  3.504128E+02  1.147293E+00  90.22
32  19  -3074.382433495  43522.680883591  3.248412E-02  1.326000E+01  4.307394E-01  3.504128E+02  1.147293E+00  90.25
24  20  -3082.382433495  43523.680883591  3.248412E-02  1.326000E+01  4.307394E-01  3.504128E+02  1.147293E+00  90.39
28  27  -3078.382433495  43530.680883591  3.248412E-02  1.326000E+01  4.307394E-01  3.504128E+02  1.147293E+00  92.12
31  25  -3075.382433495  43528.680883591  3.248412E-02  1.326000E+01  4.307394E-01  3.504128E+02  1.147293E+00  92.76
32  18  -3074.382433495  43521.680883591  3.248412E-02  1.326000E+01  4.307394E-01  3.504128E+02  1.147293E+00  93.08
26  18  -3080.382433495  43521.680883591  3.248412E-02  1.326000E+01  4.307394E-01  3.504128E+02  1.147293E+00  93.78
32  23  -3074.382433495  43526.680883591  3.248412E-02  1.326000E+01  4.307394E-01  3.504128E+02  1.147293E+00  93.91
30  17  -3076.382433495  43520.680883591  3.248412E-02  1.326000E+01  4.307394E-01  3.504128E+02  1.147293E+00  94.26
33  21  -3073.382433495  43524.680883591  3.248412E-02  1.326000E+01  4.307394E-01  3.504128E+02  1.147293E+00  95.07
23  21  -3083.382433495  43524.680883591  3.248412E-02  1.326000E+01  4.307394E-01  3.504128E+02  1.147293E+00  95.31
28  17  -3078.382433495  43520.680883591  3.248412E-02  1.326000E+01  4.307394E-01  3.504128E+02  1.147293E+00  96.15
30  26  -3076.382433495  43529.680883591  3.248412E-02  1.326000E+01  4.307394E-01  3.504128E+02  1.147293E+00  97.67
33  20  -3073.382433495  43523.680883591  3.248412E-02  1.326000E+01  4.307394E-01  3.504128E+02  1.147293E+00  97.9
31  17  -3075.382433495  43520.680883591  3.248412E-02  1.326000E+01  4.307394E-01  3.504128E+02  1.147293E+00  98.3
25  18  -3081.382433495  43521.680883591  3.248412E-02  1.326000E+01  4.307394E-01  3.504128E+02  1.147293E+00  99.72
33  19  -3073.382433495  43522.680883591  3.248412E-02  1.326000E+01  4.307394E-01  3.504128E+02  1.147293E+00  100.72
32  24  -3074.382433495  43527.680883591  3.248412E-02  1.326000E+01  4.307394E-01  3.504128E+02  1.147293E+00  101.06
23  26  -3083.382433495  43529.680883591  3.248412E-02  1.326000E+01  4.307394E-01  3.504128E+02  1.147293E+00  101.5
27  17  -3079.382433495  43520.680883591  3.248412E-02  1.326000E+01  4.307394E-01  3.504128E+02  1.147293E+00  102.09
33  22  -3073.382433495  43525.680883591  3.248412E-02  1.326000E+01  4.307394E-01  3.504128E+02  1.147293E+00  102.22
32  17  -3074.382433495  43520.680883591  3.248412E-02  1.326000E+01  4.307394E-01  3.504128E+02  1.147293E+00  102.34
29  27  -3077.382433495  43530.680883591  3.248412E-02  1.326000E+01  4.307394E-01  3.504128E+02  1.147293E+00  102.59
24  27  -3082.382433495  43530.680883591  3.248412E-02  1.326000E+01  4.307394E-01  3.504128E+02  1.147293E+00  102.71
30  16  -3076.382433495  43519.680883591  3.248412E-02  1.326000E+01  4.307394E-01  3.504128E+02  1.147293E+00  103.51
33  18  -3073.382433495  43521.680883591  3.248412E-02  1.326000E+01  4.307394E-01  3.504128E+02  1.147293E+00  103.55
29  16  -3077.382433495  43519.680883591  3.248412E-02  1.326000E+01  4.307394E-01  3.504128E+02  1.147293E+00  104.46
24  19  -3082.382433495  43522.680883591  3.248412E-02  1.326000E+01  4.307394E-01  3.504128E+02  1.147293E+00  104.64
33  17  -3073.382433495  43520.680883591  3.248412E-02  1.326000E+01  4.307394E-01  3.504128E+02  1.147293E+00  106.38
31  16  -3075.382433495  43519.680883591  3.248412E-02  1.326000E+01  4.307394E-01  3.504128E+02  1.147293E+00  107.55
26  17  -3080.382433495  43520.680883591  3.248412E-02  1.326000E+01  4.307394E-01  3.504128E+02  1.147293E+00  108.03
32  25  -3074.382433495  43528.680883591  3.248412E-02  1.326000E+01  4.307394E-01  3.504128E+02  1.147293E+00  108.21
34  20  -3072.382433495  43523.680883591  3.248412E-02  1.326000E+01  4.307394E-01  3.504128E+02  1.147293E+00  108.37
33  23  -3073.382433495  43526.680883591  3.248412E-02  1.326000E+01  4.307394E-01  3.504128E+02  1.147293E+00  109.37
23  20  -3083.382433495  43523.680883591  3.248412E-02  1.326000E+01  4.307394E-01  3.504128E+02  1.147293E+00  109.56
28  16  -3078.382433495  43519.680883591  3.248412E-02  1.326000E+01  4.307394E-01  3.504128E+02  1.147293E+00  110.4
34  21  -3072.382433495  43524.680883591  3.248412E-02  1.326000E+01  4.307394E-01  3.504128E+02  1.147293E+00  110.53
34  19  -3072.382433495  43522.680883591  3.248412E-02  1.326000E+01  4.307394E-01  3.504128E+02  1.147293E+00  111.19
32  16  -3074.382433495  43519.680883591  3.248412E-02  1.326000E+01  4.307394E-01  3.504128E+02  1.147293E+00  111.6
22  23  -3084.382433495  43526.680883591  3.248412E-02  1.326000E+01  4.307394E-01  3.504128E+02  1.147293E+00  112.37
30  15  -3076.382433495  43518.680883591  3.248412E-02  1.326000E+01  4.307394E-01  3.504128E+02  1.147293E+00  112.77
31  26  -3075.382433495  43529.680883591  3.248412E-02  1.326000E+01  4.307394E-01  3.504128E+02  1.147293E+00  113.13
25  17  -3081.382433495  43520.680883591  3.248412E-02  1.326000E+01  4.307394E-01  3.504128E+02  1.147293E+00  113.97
34  18  -3072.382433495  43521.680883591  3.248412E-02  1.326000E+01  4.307394E-01  3.504128E+02  1.147293E+00  114.02
22  24  -3084.382433495  43527.680883591  3.248412E-02  1.326000E+01  4.307394E-01  3.504128E+02  1.147293E+00  114.53
22  22  -3084.382433495  43525.680883591  3.248412E-02  1.326000E+01  4.307394E-01  3.504128E+02  1.147293E+00  115.2
33  16  -3073.382433495  43519.680883591  3.248412E-02  1.326000E+01  4.307394E-01  3.504128E+02  1.147293E+00  115.64
27  16  -3079.382433495  43519.680883591  3.248412E-02  1.326000E+01  4.307394E-01  3.504128E+02  1.147293E+00  116.34
33  24  -3073.382433495  43527.680883591  3.248412E-02  1.326000E+01  4.307394E-01  3.504128E+02  1.147293E+00  116.52
31  15  -3075.382433495  43518.680883591  3.248412E-02  1.326000E+01  4.307394E-01  3.504128E+02  1.147293E+00  116.81
34  17  -3072.382433495  43520.680883591  3.248412E-02  1.326000E+01  4.307394E-01  3.504128E+02  1.147293E+00  116.85
34  22  -3072.382433495  43525.680883591  3.248412E-02  1.326000E+01  4.307394E-01  3.504128E+02  1.147293E+00  117.68
30  27  -3076.382433495  43530.680883591  3.248412E-02  1.326000E+01  4.307394E-01  3.504128E+02  1.147293E+00  118.05
27  28  -3079.382433495  43531.680883591  3.248412E-02  1.326000E+01  4.307394E-01  3.504128E+02  1.147293E+00  118.43
29  15  -3077.382433495  43518.680883591  3.248412E-02  1.326000E+01  4.307394E-01  3.504128E+02  1.147293E+00  118.71
35  20  -3071.382433495  43523.680883591  3.248412E-02  1.326000E+01  4.307394E-01  3.504128E+02  1.147293E+00  118.83
24  18  -3082.382433495  43521.680883591  3.248412E-02  1.326000E+01  4.307394E-01  3.504128E+02  1.147293E+00  118.89
26  28  -3080.382433495  43531.680883591  3.248412E-02  1.326000E+01  4.307394E-01  3.504128E+02  1.147293E+00  119.38
34  16  -3072.382433495  43519.680883591  3.248412E-02  1.326000E+01  4.307394E-01  3.504128E+02  1.147293E+00  119.68
32  15  -3074.382433495  43518.680883591  3.248412E-02  1.326000E+01  4.307394E-01  3.504128E+02  1.147293E+00  120.85
35  19  -3071.382433495  43522.680883591  3.248412E-02  1.326000E+01  4.307394E-01  3.504128E+02  1.147293E+00  121.66
22  25  -3084.382433495  43528.680883591  3.248412E-02  1.326000E+01  4.307394E-01  3.504128E+02  1.147293E+00  121.68
26  16  -3080.382433495  43519.680883591  3.248412E-02  1.326000E+01  4.307394E-01  3.504128E+02  1.147293E+00  122.28
28  28  -3078.382433495  43531.680883591  3.248412E-02  1.326000E+01  4.307394E-01  3.504128E+02  1.147293E+00  122.47
33  25  -3073.382433495  43528.680883591  3.248412E-02  1.326000E+01  4.307394E-01  3.504128E+02  1.147293E+00  123.67
23  19  -3083.382433495  43522.680883591  3.248412E-02  1.326000E+01  4.307394E-01  3.504128E+02  1.147293E+00  123.8
22  21  -3084.382433495  43524.680883591  3.248412E-02  1.326000E+01  4.307394E-01  3.504128E+02  1.147293E+00  124.45
35  18  -3071.382433495  43521.680883591  3.248412E-02  1.326000E+01  4.307394E-01  3.504128E+02  1.147293E+00  124.49
28  15  -3078.382433495  43518.680883591  3.248412E-02  1.326000E+01  4.307394E-01  3.504128E+02  1.147293E+00  124.65
34  23  -3072.382433495  43526.680883591  3.248412E-02  1.326000E+01  4.307394E-01  3.504128E+02  1.147293E+00  124.83
33  15  -3073.382433495  43518.680883591  3.248412E-02  1.326000E+01  4.307394E-01  3.504128E+02  1.147293E+00  124.89
25  28  -3081.382433495  43531.680883591  3.248412E-02  1.326000E+01  4.307394E-01  3.504128E+02  1.147293E+00  125.32
35  21  -3071.382433495  43524.680883591  3.248412E-02  1.326000E+01  4.307394E-01  3.504128E+02  1.147293E+00  125.99
31  14  -3075.382433495  43517.680883591  3.248412E-02  1.326000E+01  4.307394E-01  3.504128E+02  1.147293E+00  126.07
30  14  -3076.382433495  43517.680883591  3.248412E-02  1.326000E+01  4.307394E-01  3.504128E+02  1.147293E+00  127.02
35  17  -3071.382433495  43520.680883591  3.248412E-02  1.326000E+01  4.307394E-01  3.504128E+02  1.147293E+00  127.32
25  16  -3081.382433495  43519.680883591  3.248412E-02  1.326000E+01  4.307394E-01  3.504128E+02  1.147293E+00  128.22
32  26  -3074.382433495  43529.680883591  3.248412E-02  1.326000E+01  4.307394E-01  3.504128E+02  1.147293E+00  128.59
34  15  -3072.382433495  43518.680883591  3.248412E-02  1.326000E+01  4.307394E-01  3.504128E+02  1.147293E+00  128.93
32  14  -3074.382433495  43517.680883591  3.248412E-02  1.326000E+01  4.307394E-01  3.504128E+02  1.147293E+00  130.11
35  16  -3071.382433495  43519.680883591  3.248412E-02  1.326000E+01  4.307394E-01  3.504128E+02  1.147293E+00  130.15
27  15  -3079.382433495  43518.680883591  3.248412E-02  1.326000E+01  4.307394E-01  3.504128E+02  1.147293E+00  130.58
23  27  -3083.382433495  43530.680883591  3.248412E-02  1.326000E+01  4.307394E-01  3.504128E+02  1.147293E+00  131.85
34  24  -3072.382433495  43527.680883591  3.248412E-02  1.326000E+01  4.307394E-01  3.504128E+02  1.147293E+00  131.98
36  19  -3070.382433495  43522.680883591  3.248412E-02  1.326000E+01  4.307394E-01  3.504128E+02  1.147293E+00  132.13
29  28  -3077.382433495  43531.680883591  3.248412E-02  1.326000E+01  4.307394E-01  3.504128E+02  1.147293E+00  132.94
29  14  -3077.382433495  43517.680883591  3.248412E-02  1.326000E+01  4.307394E-01  3.504128E+02  1.147293E+00  132.95
35  15  -3071.382433495  43518.680883591  3.248412E-02  1.326000E+01  4.307394E-01  3.504128E+02  1.147293E+00  132.98
24  17  -3082.382433495  43520.680883591  3.248412E-02  1.326000E+01  4.307394E-01  3.504128E+02  1.147293E+00  133.13
35  22  -3071.382433495  43525.680883591  3.248412E-02  1.326000E+01  4.307394E-01  3.504128E+02  1.147293E+00  133.14
31  27  -3075.382433495  43530.680883591  3.248412E-02  1.326000E+01  4.307394E-01  3.504128E+02  1.147293E+00  133.51
22  20  -3084.382433495  43523.680883591  3.248412E-02  1.326000E+01  4.307394E-01  3.504128E+02  1.147293E+00  133.71
33  14  -3073.382433495  43517.680883591  3.248412E-02  1.326000E+01  4.307394E-01  3.504128E+02  1.147293E+00  134.15
36  20  -3070.382433495  43523.680883591  3.248412E-02  1.326000E+01  4.307394E-01  3.504128E+02  1.147293E+00  134.29
36  18  -3070.382433495  43521.680883591  3.248412E-02  1.326000E+01  4.307394E-01  3.504128E+02  1.147293E+00  134.96
31  13  -3075.382433495  43516.680883591  3.248412E-02  1.326000E+01  4.307394E-01  3.504128E+02  1.147293E+00  135.32
26  15  -3080.382433495  43518.680883591  3.248412E-02  1.326000E+01  4.307394E-01  3.504128E+02  1.147293E+00  136.52
36  17  -3070.382433495  43520.680883591  3.248412E-02  1.326000E+01  4.307394E-01  3.504128E+02  1.147293E+00  137.79
23  18  -3083.382433495  43521.680883591  3.248412E-02  1.326000E+01  4.307394E-01  3.504128E+02  1.147293E+00  138.05
34  14  -3072.382433495  43517.680883591  3.248412E-02  1.326000E+01  4.307394E-01  3.504128E+02  1.147293E+00  138.19
28  14  -3078.382433495  43517.680883591  3.248412E-02  1.326000E+01  4.307394E-01  3.504128E+02  1.147293E+00  138.89
34  25  -3072.382433495  43528.680883591  3.248412E-02  1.326000E+01  4.307394E-01  3.504128E+02  1.147293E+00  139.13
32  13  -3074.382433495  43516.680883591  3.248412E-02  1.326000E+01  4.307394E-01  3.504128E+02  1.147293E+00  139.36
35  23  -3071.382433495  43526.680883591  3.248412E-02  1.326000E+01  4.307394E-01  3.504128E+02  1.147293E+00  140.29
36  16  -3070.382433495  43519.680883591  3.248412E-02  1.326000E+01  4.307394E-01  3.504128E+02  1.147293E+00  140.62
30  13  -3076.382433495  43516.680883591  3.248412E-02  1.326000E+01  4.307394E-01  3.504128E+02  1.147293E+00  141.26
36  21  -3070.382433495  43524.680883591  3.248412E-02  1.326000E+01  4.307394E-01  3.504128E+02  1.147293E+00  141.45
22  26  -3084.382433495  43529.680883591  3.248412E-02  1.326000E+01  4.307394E-01  3.504128E+02  1.147293E+00  142.06
35  14  -3071.382433495  43517.680883591  3.248412E-02  1.326000E+01  4.307394E-01  3.504128E+02  1.147293E+00  142.23
25  15  -3081.382433495  43518.680883591  3.248412E-02  1.326000E+01  4.307394E-01  3.504128E+02  1.147293E+00  142.46
37  19  -3069.382433495  43522.680883591  3.248412E-02  1.326000E+01  4.307394E-01  3.504128E+02  1.147293E+00  142.6
22  19  -3084.382433495  43522.680883591  3.248412E-02  1.326000E+01  4.307394E-01  3.504128E+02  1.147293E+00  142.96
33  13  -3073.382433495  43516.680883591  3.248412E-02  1.326000E+01  4.307394E-01  3.504128E+02  1.147293E+00  143.41
30  28  -3076.382433495  43531.680883591  3.248412E-02  1.326000E+01  4.307394E-01  3.504128E+02  1.147293E+00  143.41
36  15  -3070.382433495  43518.680883591  3.248412E-02  1.326000E+01  4.307394E-01  3.504128E+02  1.147293E+00  143.45
33  26  -3073.382433495  43529.680883591  3.248412E-02  1.326000E+01  4.307394E-01  3.504128E+02  1.147293E+00  144.05
24  28  -3082.382433495  43531.680883591  3.248412E-02  1.326000E+01  4.307394E-01  3.504128E+02  1.147293E+00  144.48
27  14  -3079.382433495  43517.680883591  3.248412E-02  1.326000E+01  4.307394E-01  3.504128E+02  1.147293E+00  144.83
37  18  -3069.382433495  43521.680883591  3.248412E-02  1.326000E+01  4.307394E-01  3.504128E+02  1.147293E+00  145.43
36  14  -3070.382433495  43517.680883591  3.248412E-02  1.326000E+01  4.307394E-01  3.504128E+02  1.147293E+00  146.27
29  13  -3077.382433495  43516.680883591  3.248412E-02  1.326000E+01  4.307394E-01  3.504128E+02  1.147293E+00  147.2
24  16  -3082.382433495  43519.680883591  3.248412E-02  1.326000E+01  4.307394E-01  3.504128E+02  1.147293E+00  147.38
35  24  -3071.382433495  43527.680883591  3.248412E-02  1.326000E+01  4.307394E-01  3.504128E+02  1.147293E+00  147.44
34  13  -3072.382433495  43516.680883591  3.248412E-02  1.326000E+01  4.307394E-01  3.504128E+02  1.147293E+00  147.45
21  23  -3085.382433495  43526.680883591  3.248412E-02  1.326000E+01  4.307394E-01  3.504128E+02  1.147293E+00  147.94
37  17  -3069.382433495  43520.680883591  3.248412E-02  1.326000E+01  4.307394E-01  3.504128E+02  1.147293E+00  148.26
36  22  -3070.382433495  43525.680883591  3.248412E-02  1.326000E+01  4.307394E-01  3.504128E+02  1.147293E+00  148.6
